50 0.000403526
50 0.000391717
50 0.000416006
50 0.000411451
50 0.000409687
50 0.000422708
50 0.000391346
50 0.000379747
50 0.000443975
50 0.000414363
50 0.000377891
50 0.000409503
50 0.000408078
50 0.00038518
50 0.00041211
50 0.000389705
50 0.00039336
50 0.000387941
50 0.000394268
50 0.000409302
50 0.000395265
50 0.000388889
50 0.000392597
50 0.000403224
50 0.000390365
50 0.000429023
50 0.000407567
50 0.00040743
50 0.000401279
50 0.000401328
50 0.00041242
50 0.00040219
50 0.000404284
50 0.000414873
50 0.000400648
50 0.000410676
50 0.000380514
50 0.000398619
50 0.000378499
50 0.000390716
50 0.000395298
50 0.000417368
50 0.000405503
50 0.000400525
50 0.000375537
50 0.000414078
50 0.000425959
50 0.00039333
50 0.000393428
50 0.000420414
50 0.000390291
50 0.000407267
50 0.000406707
50 0.000402074
50 0.000396916
50 0.000397438
50 0.000413435
50 0.000428591
50 0.000391258
50 0.000416071
50 0.000414062
50 0.000392131
50 0.000410979
50 0.000367953
50 0.000422158
50 0.000409383
50 0.000379288
50 0.000401401
50 0.000406286
50 0.000424108
50 0.000409224
50 0.000411415
50 0.000415876
50 0.000426433
50 0.000395911
50 0.00039709
50 0.000412882
50 0.00042582
50 0.000408147
50 0.000392128
50 0.000393148
50 0.000397176
50 0.00040452
50 0.000401391
50 0.00039379
50 0.000430352
50 0.000393075
50 0.000403835
50 0.000408609
50 0.000411096
50 0.000427743
50 0.000413973
50 0.000420755
50 0.000397244
50 0.000406552
50 0.000406428
50 0.000395322
50 0.000389635
50 0.000386922
50 0.000377526
