80 0.00163934
80 0.00149766
80 0.00155655
80 0.00157329
80 0.00177827
80 0.00183299
80 0.00153445
80 0.00142822
80 0.0016794
80 0.00158874
80 0.00150605
80 0.00161563
80 0.00160798
80 0.00160777
80 0.00155325
80 0.00141963
80 0.00167263
80 0.00150138
80 0.00155148
80 0.00163134
80 0.00156297
80 0.00166104
80 0.0015013
80 0.0014816
80 0.00151208
80 0.00177737
80 0.00168937
80 0.00156505
80 0.0015779
80 0.00165183
80 0.00164688
80 0.00155208
80 0.00158128
80 0.00165593
80 0.00152264
80 0.00159388
80 0.00141454
80 0.00145125
80 0.00148712
80 0.00150313
80 0.00168097
80 0.00176792
80 0.00154371
80 0.00161326
80 0.00140367
80 0.00160248
80 0.00176184
80 0.00145201
80 0.00164903
80 0.00169592
80 0.00153792
80 0.00163605
80 0.00165414
80 0.00158061
80 0.00161439
80 0.00148893
80 0.00155012
80 0.00161431
80 0.00154745
80 0.00166114
80 0.00172177
80 0.00164055
80 0.00165091
80 0.00138189
80 0.0017736
80 0.0016338
80 0.00143116
80 0.00162536
80 0.00166885
80 0.00175954
80 0.00158756
80 0.00164222
80 0.00157704
80 0.00169491
80 0.00147945
80 0.00162898
80 0.00172318
80 0.00179115
80 0.00167282
80 0.00164928
80 0.00162254
80 0.0014931
80 0.00161701
80 0.00170945
80 0.00166676
80 0.00174275
80 0.00156828
80 0.00163759
80 0.00164112
80 0.00182626
80 0.00194261
80 0.001796
80 0.00170202
80 0.00163078
80 0.00163776
80 0.00165288
80 0.00145957
80 0.00152927
80 0.00151996
80 0.00148691
