90 0.00427133
90 0.00350578
90 0.00331525
90 0.00369495
90 0.00377229
90 0.00369478
90 0.00333412
90 0.00293862
90 0.00365655
90 0.00362528
90 0.00327864
90 0.00377756
90 0.00346758
90 0.00353824
90 0.0034239
90 0.00281132
90 0.00411388
90 0.00330257
90 0.00343623
90 0.0035436
90 0.00343012
90 0.00367425
90 0.00331387
90 0.00320618
90 0.00335567
90 0.00396848
90 0.00404844
90 0.00357582
90 0.00363874
90 0.00414436
90 0.00397868
90 0.00319836
90 0.00359429
90 0.00377679
90 0.00288596
90 0.00319553
90 0.00316625
90 0.00318593
90 0.0030583
90 0.0036091
90 0.00414796
90 0.00447263
90 0.00348608
90 0.00341543
90 0.00284799
90 0.00397178
90 0.00419252
90 0.00318755
90 0.0036452
90 0.00384
90 0.00350392
90 0.00345672
90 0.00354684
90 0.00342767
90 0.00346717
90 0.00307796
90 0.00335579
90 0.00369868
90 0.0034381
90 0.00397171
90 0.00401942
90 0.00342442
90 0.00377746
90 0.00295856
90 0.00384666
90 0.00360614
90 0.00336247
90 0.00409614
90 0.00595801
90 0.00369756
90 0.00332732
90 0.00350527
90 0.0035789
90 0.00386762
90 0.00312439
90 0.00342377
90 0.0041251
90 0.00381202
90 0.00381174
90 0.00359303
90 0.00436977
90 0.00296377
90 0.00313065
90 0.00363165
90 0.0039309
90 0.0041835
90 0.00314027
90 0.0039205
90 0.00363201
90 0.00431932
90 0.00514282
90 0.00437064
90 0.00398541
90 0.00366957
90 0.00347737
90 0.00362402
90 0.00278957
90 0.00366959
90 0.00340144
90 0.00297415
