95 0.00846506
95 0.00741864
95 0.00579246
95 0.00936057
95 0.00814376
95 0.00579
95 0.00711382
95 0.00471763
95 0.00755362
95 0.0077364
95 0.0056352
95 0.00902339
95 0.00761382
95 0.0079007
95 0.00660425
95 0.00480049
95 0.00742953
95 0.00648601
95 0.00760507
95 0.00673103
95 0.00721225
95 0.00767207
95 0.0063728
95 0.00793667
95 0.00603535
95 0.00763692
95 0.00965654
95 0.00630433
95 0.00799451
95 0.00993841
95 0.00908239
95 0.00561652
95 0.00757365
95 0.0116553
95 0.00528145
95 0.00577305
95 0.00693671
95 0.0070952
95 0.0055487
95 0.00666792
95 0.0109814
95 0.00953575
95 0.00785964
95 0.00687351
95 0.00552548
95 0.00870066
95 0.00881262
95 0.00666544
95 0.00640896
95 0.00750912
95 0.00691375
95 0.00650881
95 0.00692811
95 0.00772769
95 0.00620718
95 0.00531645
95 0.00781276
95 0.00816763
95 0.00888753
95 0.00748527
95 0.0086054
95 0.00613702
95 0.00819149
95 0.00536211
95 0.00865122
95 0.00774334
95 0.00606881
95 0.00965945
95 0.0183578
95 0.00705402
95 0.00646046
95 0.00778671
95 0.00631172
95 0.00965908
95 0.00521871
95 0.00694674
95 0.00735925
95 0.00957275
95 0.0103451
95 0.00655684
95 0.00892558
95 0.00509992
95 0.00510816
95 0.00697523
95 0.00726729
95 0.00852322
95 0.00550879
95 0.00791813
95 0.00645948
95 0.0083457
95 0.0144915
95 0.011486
95 0.00785165
95 0.00726831
95 0.00649306
95 0.00617592
95 0.00450973
95 0.00994975
95 0.00646518
95 0.0052444
